0 info it worked if it ends with ok
1 verbose cli [ 'node', '/usr/local/bin/npm', 'install' ]
2 info using npm@1.4.28
3 info using node@v0.10.35
4 verbose readDependencies using package.json deps
5 verbose install where, deps [ '/Users/lman817/Projects/medic-transport',
5 verbose install   [ 'async',
5 verbose install     'moment',
5 verbose install     'jsDump',
5 verbose install     'underscore',
5 verbose install     'request',
5 verbose install     'node-gammu-json',
5 verbose install     'express',
5 verbose install     'body-parser',
5 verbose install     'node-uuid',
5 verbose install     'winston',
5 verbose install     'libphonenumber' ] ]
6 info preinstall medic-transport@0.0.2
7 warn package.json crypto@0.0.3 crypto is also the name of a node core module.
8 verbose readDependencies using package.json deps
9 verbose already installed skipping async@0.x /Users/lman817/Projects/medic-transport
10 verbose already installed skipping moment@2.x /Users/lman817/Projects/medic-transport
11 verbose already installed skipping jsDump@1.x /Users/lman817/Projects/medic-transport
12 verbose already installed skipping underscore@1.x /Users/lman817/Projects/medic-transport
13 verbose already installed skipping request@2.x /Users/lman817/Projects/medic-transport
14 verbose already installed skipping node-gammu-json@0.x /Users/lman817/Projects/medic-transport
15 verbose already installed skipping express@4.x /Users/lman817/Projects/medic-transport
16 verbose already installed skipping body-parser@1.x /Users/lman817/Projects/medic-transport
17 verbose already installed skipping node-uuid@1.x /Users/lman817/Projects/medic-transport
18 verbose already installed skipping winston@0.x /Users/lman817/Projects/medic-transport
19 verbose already installed skipping libphonenumber@0.x /Users/lman817/Projects/medic-transport
20 silly resolved []
21 info build /Users/lman817/Projects/medic-transport
22 verbose linkStuff [ false, false, false, '/Users/lman817/Projects' ]
23 info linkStuff medic-transport@0.0.2
24 verbose linkBins medic-transport@0.0.2
25 verbose linkMans medic-transport@0.0.2
26 verbose rebuildBundles medic-transport@0.0.2
27 verbose rebuildBundles [ '.bin',
27 verbose rebuildBundles   'async',
27 verbose rebuildBundles   'body-parser',
27 verbose rebuildBundles   'crypto',
27 verbose rebuildBundles   'express',
27 verbose rebuildBundles   'jsDump',
27 verbose rebuildBundles   'libphonenumber',
27 verbose rebuildBundles   'moment',
27 verbose rebuildBundles   'node-gammu-json',
27 verbose rebuildBundles   'node-uuid',
27 verbose rebuildBundles   'nodeunit',
27 verbose rebuildBundles   'request',
27 verbose rebuildBundles   'underscore',
27 verbose rebuildBundles   'winston' ]
28 verbose rebuild bundle /Users/lman817/Projects/medic-transport/node_modules/crypto
29 info build /Users/lman817/Projects/medic-transport/node_modules/crypto
30 info preinstall crypto@0.0.3
31 verbose linkStuff [ false,
31 verbose linkStuff   false,
31 verbose linkStuff   false,
31 verbose linkStuff   '/Users/lman817/Projects/medic-transport/node_modules' ]
32 info linkStuff crypto@0.0.3
33 verbose linkBins crypto@0.0.3
34 verbose linkMans crypto@0.0.3
35 verbose rebuildBundles crypto@0.0.3
36 info install crypto@0.0.3
37 info postinstall crypto@0.0.3
38 verbose rebuild bundle /Users/lman817/Projects/medic-transport/node_modules/nodeunit
39 info build /Users/lman817/Projects/medic-transport/node_modules/nodeunit
40 info preinstall nodeunit@0.9.0
41 verbose linkStuff [ false,
41 verbose linkStuff   false,
41 verbose linkStuff   false,
41 verbose linkStuff   '/Users/lman817/Projects/medic-transport/node_modules' ]
42 info linkStuff nodeunit@0.9.0
43 verbose linkBins nodeunit@0.9.0
44 verbose link bins [ { nodeunit: './bin/nodeunit' },
44 verbose link bins   '/Users/lman817/Projects/medic-transport/node_modules/.bin',
44 verbose link bins   false ]
45 verbose linkMans nodeunit@0.9.0
46 verbose rebuildBundles nodeunit@0.9.0
47 verbose rebuildBundles [ '.bin', 'tap' ]
48 error Error: EACCES, unlink '/Users/lman817/Projects/medic-transport/node_modules/.bin/nodeunit'
48 error  { [Error: EACCES, unlink '/Users/lman817/Projects/medic-transport/node_modules/.bin/nodeunit']
48 error   errno: 3,
48 error   code: 'EACCES',
48 error   path: '/Users/lman817/Projects/medic-transport/node_modules/.bin/nodeunit' }
49 error Please try running this command again as root/Administrator.
50 error System Darwin 14.0.0
51 error command "node" "/usr/local/bin/npm" "install"
52 error cwd /Users/lman817/Projects/medic-transport
53 error node -v v0.10.35
54 error npm -v 1.4.28
55 error path /Users/lman817/Projects/medic-transport/node_modules/.bin/nodeunit
56 error code EACCES
57 error errno 3
58 error stack Error: EACCES, unlink '/Users/lman817/Projects/medic-transport/node_modules/.bin/nodeunit'
59 verbose exit [ 3, true ]
